C51 COMPILER V9.51   LAB2_3                                                                05/06/2022 11:25:12 PAGE 1   


C51 COMPILER V9.51, COMPILATION OF MODULE LAB2_3
OBJECT MODULE PLACED IN lab2_3.OBJ
COMPILER INVOKED BY: C:\Keil\C51\BIN\C51.EXE lab2_3.c BROWSE DEBUG OBJECTEXTEND TABS(2)

line level    source

   1          #include <REGX52.H>
   2          
   3          unsigned char code prawo[] = {0xBF, 0x86, 0xDB, 0xCF, 0xE6, 0xED, 0xFD, 0xA7, 0xFF, 0xEF, 0xBF, 0x86};
   4          unsigned char code lewo[] = {0xC0, 0xCF};
   5          
   6          void Delay(void)
   7          {
   8   1         unsigned char i;
   9   1         unsigned char j;
  10   1         for(i=0;i<150;i++)
  11   1         {
  12   2            for(j=0;j<200;j++)
  13   2            { ; }
  14   2         }
  15   1      } 
  16          
  17          void main(void)
  18          {
  19   1        unsigned char granica = 11;
  20   1        unsigned char zmiennaAA = 0;
  21   1        while(1)
  22   1        {
  23   2          P3 = prawo[zmiennaAA];
  24   2          if(zmiennaAA >= 10) P1 = lewo[1];
  25   2          else P1 = lewo[0];
  26   2          Delay();
  27   2          if(P3 == 0x80)
  28   2          {
  29   3            if(zmiennaAA < granica) zmiennaAA = zmiennaAA + 1;
  30   3            else zmiennaAA = 0;
  31   3          }
  32   2          else if(P3 == 0x00)
  33   2          {
  34   3            if(zmiennaAA > 0) zmiennaAA = zmiennaAA - 1;
  35   3            else zmiennaAA = granica;
  36   3          }
  37   2        } 
  38   1      }


MODULE INFORMATION:   STATIC OVERLAYABLE
   CODE SIZE        =     79    ----
   CONSTANT SIZE    =     14    ----
   XDATA SIZE       =   ----    ----
   PDATA SIZE       =   ----    ----
   DATA SIZE        =   ----    ----
   IDATA SIZE       =   ----    ----
   BIT SIZE         =   ----    ----
END OF MODULE INFORMATION.


C51 COMPILATION COMPLETE.  0 WARNING(S),  0 ERROR(S)
