C51 COMPILER V9.51   LAB2_2                                                                05/06/2022 11:02:21 PAGE 1   


C51 COMPILER V9.51, COMPILATION OF MODULE LAB2_2
OBJECT MODULE PLACED IN lab2_2.OBJ
COMPILER INVOKED BY: C:\Keil\C51\BIN\C51.EXE lab2_2.c BROWSE DEBUG OBJECTEXTEND TABS(2)

line level    source

   1          #include <REGX52.H>
   2          
   3          unsigned char code decimal[] = {0xFF, 0x11, 0x12, 0x13, 0x14, 0x15, 0x16};
   4          
   5          void main(void)
   6          {
   7   1        unsigned char granica = 6;
   8   1        unsigned char zmiennaAA = 0;
   9   1        unsigned char czy_SW1_zmienione = 0;
  10   1        while(1)
  11   1        {
  12   2          if(P3 == 0xFF && czy_SW1_zmienione == 1)
  13   2          {
  14   3            zmiennaAA = zmiennaAA + 1;
  15   3            czy_SW1_zmienione = 0;
  16   3          }
  17   2          else if(P3 == 0xFB)
  18   2          {
  19   3            czy_SW1_zmienione = 1;
  20   3          }
  21   2          if(zmiennaAA < granica)
  22   2          {
  23   3            if(zmiennaAA % 2 != 0 || zmiennaAA == 0) P2 = decimal[zmiennaAA];
  24   3          }
  25   2          else zmiennaAA = 0;
  26   2        }
  27   1        
  28   1      }


MODULE INFORMATION:   STATIC OVERLAYABLE
   CODE SIZE        =     49    ----
   CONSTANT SIZE    =      7    ----
   XDATA SIZE       =   ----    ----
   PDATA SIZE       =   ----    ----
   DATA SIZE        =   ----    ----
   IDATA SIZE       =   ----    ----
   BIT SIZE         =   ----    ----
END OF MODULE INFORMATION.


C51 COMPILATION COMPLETE.  0 WARNING(S),  0 ERROR(S)
